INFO:imap:2016-07-04 17:00:02 Connecting to mailbox via IMAP...
INFO:imap:1 2 3 4 5 6 Spam emails selected for removal
INFO:imap:All Spam messages deleted
INFO:imap:1 2 3 4 5 Emails selected for deletion
INFO:imap:Trash has been emptied
INFO:imap:2016-07-04 17:00:17 Task Completed. Logging out.
INFO:imap:2016-07-04 18:00:05 Connecting to mailbox via IMAP...
INFO:imap:1 Spam emails selected for removal
INFO:imap:All Spam messages deleted
INFO:imap:No trash currently
INFO:imap:2016-07-04 18:00:10 Task Completed. Logging out.
INFO:imap:2016-07-04 19:00:02 Connecting to mailbox via IMAP...
INFO:imap:No spam currently
INFO:imap:No trash currently
INFO:imap:2016-07-04 19:00:04 Task Completed. Logging out.
INFO:imap:2016-07-04 20:00:02 Connecting to mailbox via IMAP...
INFO:imap:No spam currently
INFO:imap:1 2 3 Emails selected for deletion
INFO:imap:Trash has been emptied
INFO:imap:2016-07-04 20:00:04 Task Completed. Logging out.
INFO:imap:2016-07-04 21:00:02 Connecting to mailbox via IMAP...
INFO:imap:No spam currently
INFO:imap:1 2 3 Emails selected for deletion
INFO:imap:Trash has been emptied
INFO:imap:2016-07-04 21:00:07 Task Completed. Logging out.
INFO:imap:2016-07-04 22:00:02 Connecting to mailbox via IMAP...
INFO:imap:No spam currently
INFO:imap:No trash currently
INFO:imap:2016-07-04 22:00:04 Task Completed. Logging out.
